*** Starting uWSGI 2.0.30 (64bit) on [Sun Aug 10 10:30:13 2025] ***
compiled with version: 12.2.0 on 10 August 2025 08:55:24
os: Linux-5.15.167.4-microsoft-standard-WSL2 #1 SMP Tue Nov 5 00:21:55 UTC 2024
nodename: c59b46171162
machine: x86_64
clock source: unix
pcre jit disabled
detected number of CPU cores: 8
current working directory: /code
detected binary path: /usr/local/bin/uwsgi
uWSGI running as root, you can use --uid/--gid/--chroot options
*** WARNING: you are running uWSGI as root !!! (use the --uid flag) *** 
your memory page size is 4096 bytes
detected max file descriptor number: 1024
lock engine: pthread robust mutexes
thunder lock: disabled (you can enable it with --thunder-lock)
uwsgi socket 0 bound to TCP address :8001 fd 3
uWSGI running as root, you can use --uid/--gid/--chroot options
*** WARNING: you are running uWSGI as root !!! (use the --uid flag) *** 
Python version: 3.7.17 (default, Sep 20 2023, 11:53:41)  [GCC 12.2.0]
Python main interpreter initialized at 0x557977f1a150
uWSGI running as root, you can use --uid/--gid/--chroot options
*** WARNING: you are running uWSGI as root !!! (use the --uid flag) *** 
python threads support enabled
your server socket listen backlog is limited to 100 connections
your mercy for graceful operations on workers is 60 seconds
mapped 145840 bytes (142 KB) for 1 cores
*** Operational MODE: single process ***
WSGI app 0 (mountpoint='') ready in 1 seconds on interpreter 0x557977f1a150 pid: 1 (default app)
mountpoint  already configured. skip.
uWSGI running as root, you can use --uid/--gid/--chroot options
*** WARNING: you are running uWSGI as root !!! (use the --uid flag) *** 
*** uWSGI is running in multiple interpreter mode ***
spawned uWSGI master process (pid: 1)
spawned uWSGI worker 1 (pid: 7, cores: 1)
Python auto-reloader enabled
[pid: 7|app: 0|req: 1/1] 172.20.0.1 () {54 vars in 973 bytes} [Sun Aug 10 10:30:43 2025] GET / => generated 10697 bytes in 30 msecs (HTTP/1.1 200) 5 headers in 153 bytes (1 switches on core 0)
Not Found: /favicon.ico
[pid: 7|app: 0|req: 2/2] 172.20.0.1 () {52 vars in 905 bytes} [Sun Aug 10 10:30:43 2025] GET /favicon.ico => generated 2115 bytes in 11 msecs (HTTP/1.1 404) 5 headers in 159 bytes (1 switches on core 0)
